<?xml version="1.0" encoding="UTF-8"?>
<testng-results ignored="0" total="1" passed="1" failed="0" skipped="0">
  <reporter-output>
  </reporter-output>
  <suite started-at="2022-05-24T16:09:53 EET" name="Default suite" finished-at="2022-05-24T16:09:59 EET" duration-ms="5932">
    <groups>
    </groups>
    <test started-at="2022-05-24T16:09:53 EET" name="Default test" finished-at="2022-05-24T16:09:59 EET" duration-ms="5932">
      <class name="tests.UserChangeCurrency">
        <test-method is-config="true" signature="openUrl()[pri:0, instance:tests.UserChangeCurrency@55183b20]" started-at="2022-05-24T16:09:45 EET" name="openUrl" finished-at="2022-05-24T16:09:53 EET" duration-ms="8107" status="PASS">
          <reporter-output>
          </reporter-output>
        </test-method> <!-- openUrl -->
        <test-method signature="usreCanChangeCurrency()[pri:0, instance:tests.UserChangeCurrency@55183b20]" started-at="2022-05-24T16:09:54 EET" name="usreCanChangeCurrency" finished-at="2022-05-24T16:09:59 EET" duration-ms="5853" status="PASS">
          <reporter-output>
          </reporter-output>
        </test-method> <!-- usreCanChangeCurrency -->
        <test-method is-config="true" signature="closeBrowser()[pri:0, instance:tests.UserChangeCurrency@55183b20]" started-at="2022-05-24T16:10:00 EET" name="closeBrowser" finished-at="2022-05-24T16:10:00 EET" duration-ms="433" status="PASS">
          <reporter-output>
          </reporter-output>
        </test-method> <!-- closeBrowser -->
      </class> <!-- tests.UserChangeCurrency -->
    </test> <!-- Default test -->
  </suite> <!-- Default suite -->
</testng-results>
