<?xml version="1.0" encoding="UTF-8"?>
<!-- Generated by org.testng.reporters.JUnitXMLReporter -->
<testsuite ignored="4" hostname="DESKTOP-6GK20PM" failures="0" tests="5" name="Regression Test" time="25.654" errors="0" timestamp="2022-05-24T15:38:44 EET">
  <testcase classname="tests.AddProductToWishListTest" name="userCanAddProductToWishList" time="7.42"/>
  <testcase classname="tests.AddProductTest" name="userCanSearchAndAddProductsToShoppingCart" time="4.581"/>
  <testcase classname="tests.UserRegisterationTest" name="userCanRegisterSuccssfully" time="5.56"/>
  <testcase classname="tests.UserRegisterationTest" name="userLogout" time="1.736"/>
  <testcase classname="tests.UserRegisterationTest" name="userLogin" time="6.254"/>
  <testcase classname="tests.TestBase" name="@BeforeSuite openUrl" time="0.0">
    <ignored/>
  </testcase> <!-- @BeforeSuite openUrl -->
  <testcase classname="tests.TestBase" name="@AfterSuite closeBrowser" time="0.0">
    <ignored/>
  </testcase> <!-- @AfterSuite closeBrowser -->
  <testcase classname="tests.TestBase" name="@BeforeSuite openUrl" time="0.0">
    <ignored/>
  </testcase> <!-- @BeforeSuite openUrl -->
  <testcase classname="tests.TestBase" name="@AfterSuite closeBrowser" time="0.0">
    <ignored/>
  </testcase> <!-- @AfterSuite closeBrowser -->
</testsuite> <!-- Regression Test -->
